[debug] [2026-04-12T15:37:35.443Z] ----------------------------------------------------------------------
[debug] [2026-04-12T15:37:35.446Z] Command:       /opt/homebrew/Cellar/node@22/22.22.0_1/bin/node /opt/homebrew/bin/firebase init hosting
[debug] [2026-04-12T15:37:35.446Z] CLI Version:   15.11.0
[debug] [2026-04-12T15:37:35.446Z] Platform:      darwin
[debug] [2026-04-12T15:37:35.446Z] Node Version:  v22.22.0
[debug] [2026-04-12T15:37:35.446Z] Time:          Sun Apr 12 2026 23:37:35 GMT+0800 (Hong Kong Standard Time)
[debug] [2026-04-12T15:37:35.446Z] ----------------------------------------------------------------------
[debug] 
[debug] [2026-04-12T15:37:35.447Z] >>> [apiv2][query] GET https://firebase-public.firebaseio.com/cli.json [none]
[info] 
     ######## #### ########  ######## ########     ###     ######  ########
     ##        ##  ##     ## ##       ##     ##  ##   ##  ##       ##
     ######    ##  ########  ######   ########  #########  ######  ######
     ##        ##  ##    ##  ##       ##     ## ##     ##       ## ##
     ##       #### ##     ## ######## ########  ##     ##  ######  ########

You're about to initialize a Firebase project in this directory:

  /Users/zhonglin/Desktop/Uni/AAA/IIMT4601/GP/ShopSystem

[info] 
=== Project Setup
[info] 
[info] First, let's associate this project directory with a Firebase project.
[info] You can create multiple project aliases by running firebase use --add, 
[info] 
[debug] [2026-04-12T15:37:36.702Z] <<< [apiv2][status] GET https://firebase-public.firebaseio.com/cli.json 200
[debug] [2026-04-12T15:37:36.702Z] <<< [apiv2][body] GET https://firebase-public.firebaseio.com/cli.json {"cloudBuildErrorAfter":1594252800000,"cloudBuildWarnAfter":1590019200000,"defaultNode10After":1594252800000,"minVersion":"3.0.5","node8DeploysDisabledAfter":1613390400000,"node8RuntimeDisabledAfter":1615809600000,"node8WarnAfter":1600128000000}
